Pig Stack Trace
---------------
ERROR 101: file '/home/hduser/BigData_HW/hw3/FORMAT_GENRE.jar' does not exist.

org.apache.pig.backend.executionengine.ExecException: ERROR 101: file '/home/hduser/BigData_HW/hw3/FORMAT_GENRE.jar' does not exist.
	at org.apache.pig.impl.io.FileLocalizer.fetchFilesInternal(FileLocalizer.java:821)
	at org.apache.pig.impl.io.FileLocalizer.fetchFiles(FileLocalizer.java:767)
	at org.apache.pig.PigServer.registerJar(PigServer.java:558)
	at org.apache.pig.tools.grunt.GruntParser.processRegister(GruntParser.java:464)
	at org.apache.pig.tools.pigscript.parser.PigScriptParser.parse(PigScriptParser.java:546)
	at org.apache.pig.tools.grunt.GruntParser.parseStopOnError(GruntParser.java:230)
	at org.apache.pig.tools.grunt.GruntParser.parseStopOnError(GruntParser.java:205)
	at org.apache.pig.tools.grunt.Grunt.run(Grunt.java:66)
	at org.apache.pig.Main.run(Main.java:558)
	at org.apache.pig.Main.main(Main.java:170)
	at sun.reflect.NativeMethodAccessorImpl.invoke0(Native Method)
	at sun.reflect.NativeMethodAccessorImpl.invoke(NativeMethodAccessorImpl.java:57)
	at sun.reflect.DelegatingMethodAccessorImpl.invoke(DelegatingMethodAccessorImpl.java:43)
	at java.lang.reflect.Method.invoke(Method.java:606)
	at org.apache.hadoop.util.RunJar.run(RunJar.java:221)
	at org.apache.hadoop.util.RunJar.main(RunJar.java:136)
================================================================================
